# JRE version: OpenJDK Runtime Environment (8.0_242-b01) (build 1.8.0_242-release-1644-b01)
# Java VM: OpenJDK 64-Bit Server VM (25.242-b01 mixed mode windows-amd64 compressed oops)
Heap:
 PSYoungGen      total 120320K, used 88719K [0x00000000e0000000, 0x00000000e9500000, 0x0000000100000000)
  eden space 107520K, 70% used [0x00000000e0000000,0x00000000e4a23fe0,0x00000000e6900000)
  from space 12800K, 99% used [0x00000000e6900000,0x00000000e757fde0,0x00000000e7580000)
  to   space 16384K, 0% used [0x00000000e8500000,0x00000000e8500000,0x00000000e9500000)
 ParOldGen       total 73728K, used 33149K [0x00000000a0000000, 0x00000000a4800000, 0x00000000e0000000)
  object space 73728K, 44% used [0x00000000a0000000,0x00000000a205f7f8,0x00000000a4800000)
 Metaspace       used 69113K, capacity 70660K, committed 70696K, reserved 1110016K
  class space    used 8849K, capacity 9229K, committed 9256K, reserved 1048576K
GC Heap History (10 events):
Event: 65.334 GC heap before
{Heap before GC invocations=20 (full 2):
 PSYoungGen      total 91648K, used 91626K [0x00000000e0000000, 0x00000000e7300000, 0x0000000100000000)
  eden space 84480K, 100% used [0x00000000e0000000,0x00000000e5280000,0x00000000e5280000)
  from space 7168K, 99% used [0x00000000e5280000,0x00000000e597a840,0x00000000e5980000)
  to   space 9216K, 0% used [0x00000000e6a00000,0x00000000e6a00000,0x00000000e7300000)
 ParOldGen       total 29184K, used 18829K [0x00000000a0000000, 0x00000000a1c80000, 0x00000000e0000000)
  object space 29184K, 64% used [0x00000000a0000000,0x00000000a1263568,0x00000000a1c80000)
 Metaspace       used 50635K, capacity 51818K, committed 52136K, reserved 1093632K
  class space    used 6718K, capacity 7037K, committed 7080K, reserved 1048576K
Event: 65.372 GC heap after
Heap after GC invocations=20 (full 2):
 PSYoungGen      total 104960K, used 9209K [0x00000000e0000000, 0x00000000e7880000, 0x0000000100000000)
  eden space 95744K, 0% used [0x00000000e0000000,0x00000000e0000000,0x00000000e5d80000)
  from space 9216K, 99% used [0x00000000e6a00000,0x00000000e72fe518,0x00000000e7300000)
  to   space 12800K, 0% used [0x00000000e5d80000,0x00000000e5d80000,0x00000000e6a00000)
 ParOldGen       total 29184K, used 25787K [0x00000000a0000000, 0x00000000a1c80000, 0x00000000e0000000)
  object space 29184K, 88% used [0x00000000a0000000,0x00000000a192ee18,0x00000000a1c80000)
 Metaspace       used 50635K, capacity 51818K, committed 52136K, reserved 1093632K
  class space    used 6718K, capacity 7037K, committed 7080K, reserved 1048576K
}
Event: 65.373 GC heap before
{Heap before GC invocations=21 (full 3):
 PSYoungGen      total 104960K, used 9209K [0x00000000e0000000, 0x00000000e7880000, 0x0000000100000000)
  eden space 95744K, 0% used [0x00000000e0000000,0x00000000e0000000,0x00000000e5d80000)
  from space 9216K, 99% used [0x00000000e6a00000,0x00000000e72fe518,0x00000000e7300000)
  to   space 12800K, 0% used [0x00000000e5d80000,0x00000000e5d80000,0x00000000e6a00000)
 ParOldGen       total 29184K, used 25787K [0x00000000a0000000, 0x00000000a1c80000, 0x00000000e0000000)
  object space 29184K, 88% used [0x00000000a0000000,0x00000000a192ee18,0x00000000a1c80000)
 Metaspace       used 50635K, capacity 51818K, committed 52136K, reserved 1093632K
  class space    used 6718K, capacity 7037K, committed 7080K, reserved 1048576K
Event: 65.894 GC heap after
Heap after GC invocations=21 (full 3):
 PSYoungGen      total 104960K, used 2369K [0x00000000e0000000, 0x00000000e7880000, 0x0000000100000000)
  eden space 95744K, 0% used [0x00000000e0000000,0x00000000e0000000,0x00000000e5d80000)
  from space 9216K, 25% used [0x00000000e6a00000,0x00000000e6c505c8,0x00000000e7300000)
  to   space 12800K, 0% used [0x00000000e5d80000,0x00000000e5d80000,0x00000000e6a00000)
 ParOldGen       total 73728K, used 28838K [0x00000000a0000000, 0x00000000a4800000, 0x00000000e0000000)
  object space 73728K, 39% used [0x00000000a0000000,0x00000000a1c29bc8,0x00000000a4800000)
 Metaspace       used 50608K, capacity 51730K, committed 52136K, reserved 1093632K
  class space    used 6710K, capacity 7029K, committed 7080K, reserved 1048576K
}
Event: 70.718 GC heap before
{Heap before GC invocations=22 (full 3):
 PSYoungGen      total 104960K, used 98113K [0x00000000e0000000, 0x00000000e7880000, 0x0000000100000000)
  eden space 95744K, 100% used [0x00000000e0000000,0x00000000e5d80000,0x00000000e5d80000)
  from space 9216K, 25% used [0x00000000e6a00000,0x00000000e6c505c8,0x00000000e7300000)
  to   space 12800K, 0% used [0x00000000e5d80000,0x00000000e5d80000,0x00000000e6a00000)
 ParOldGen       total 73728K, used 28838K [0x00000000a0000000, 0x00000000a4800000, 0x00000000e0000000)
  object space 73728K, 39% used [0x00000000a0000000,0x00000000a1c29bc8,0x00000000a4800000)
 Metaspace       used 56497K, capacity 57816K, committed 58024K, reserved 1099776K
  class space    used 7393K, capacity 7752K, committed 7848K, reserved 1048576K
Event: 70.749 GC heap after
Heap after GC invocations=22 (full 3):
 PSYoungGen      total 108544K, used 8310K [0x00000000e0000000, 0x00000000e8400000, 0x0000000100000000)
  eden space 95744K, 0% used [0x00000000e0000000,0x00000000e0000000,0x00000000e5d80000)
  from space 12800K, 64% used [0x00000000e5d80000,0x00000000e659d8f0,0x00000000e6a00000)
  to   space 13312K, 0% used [0x00000000e7700000,0x00000000e7700000,0x00000000e8400000)
 ParOldGen       total 73728K, used 29742K [0x00000000a0000000, 0x00000000a4800000, 0x00000000e0000000)
  object space 73728K, 40% used [0x00000000a0000000,0x00000000a1d0bbc8,0x00000000a4800000)
 Metaspace       used 56497K, capacity 57816K, committed 58024K, reserved 1099776K
  class space    used 7393K, capacity 7752K, committed 7848K, reserved 1048576K
}
Event: 74.744 GC heap before
{Heap before GC invocations=23 (full 3):
 PSYoungGen      total 108544K, used 104054K [0x00000000e0000000, 0x00000000e8400000, 0x0000000100000000)
  eden space 95744K, 100% used [0x00000000e0000000,0x00000000e5d80000,0x00000000e5d80000)
  from space 12800K, 64% used [0x00000000e5d80000,0x00000000e659d8f0,0x00000000e6a00000)
  to   space 13312K, 0% used [0x00000000e7700000,0x00000000e7700000,0x00000000e8400000)
 ParOldGen       total 73728K, used 29742K [0x00000000a0000000, 0x00000000a4800000, 0x00000000e0000000)
  object space 73728K, 40% used [0x00000000a0000000,0x00000000a1d0bbc8,0x00000000a4800000)
 Metaspace       used 58155K, capacity 59390K, committed 59816K, reserved 1101824K
  class space    used 7606K, capacity 7976K, committed 8104K, reserved 1048576K
Event: 74.772 GC heap after
Heap after GC invocations=23 (full 3):
 PSYoungGen      total 118784K, used 6890K [0x00000000e0000000, 0x00000000e8200000, 0x0000000100000000)
  eden space 107520K, 0% used [0x00000000e0000000,0x00000000e0000000,0x00000000e6900000)
  from space 11264K, 61% used [0x00000000e7700000,0x00000000e7dba830,0x00000000e8200000)
  to   space 12800K, 0% used [0x00000000e6900000,0x00000000e6900000,0x00000000e7580000)
 ParOldGen       total 73728K, used 29750K [0x00000000a0000000, 0x00000000a4800000, 0x00000000e0000000)
  object space 73728K, 40% used [0x00000000a0000000,0x00000000a1d0dbc8,0x00000000a4800000)
 Metaspace       used 58155K, capacity 59390K, committed 59816K, reserved 1101824K
  class space    used 7606K, capacity 7976K, committed 8104K, reserved 1048576K
}
Event: 81.221 GC heap before
{Heap before GC invocations=24 (full 3):
 PSYoungGen      total 118784K, used 114410K [0x00000000e0000000, 0x00000000e8200000, 0x0000000100000000)
  eden space 107520K, 100% used [0x00000000e0000000,0x00000000e6900000,0x00000000e6900000)
  from space 11264K, 61% used [0x00000000e7700000,0x00000000e7dba830,0x00000000e8200000)
  to   space 12800K, 0% used [0x00000000e6900000,0x00000000e6900000,0x00000000e7580000)
 ParOldGen       total 73728K, used 29750K [0x00000000a0000000, 0x00000000a4800000, 0x00000000e0000000)
  object space 73728K, 40% used [0x00000000a0000000,0x00000000a1d0dbc8,0x00000000a4800000)
 Metaspace       used 66575K, capacity 68154K, committed 68392K, reserved 1107968K
  class space    used 8562K, capacity 8938K, committed 9000K, reserved 1048576K
Event: 81.268 GC heap after
Heap after GC invocations=24 (full 3):
 PSYoungGen      total 120320K, used 12799K [0x00000000e0000000, 0x00000000e9500000, 0x0000000100000000)
  eden space 107520K, 0% used [0x00000000e0000000,0x00000000e0000000,0x00000000e6900000)
  from space 12800K, 99% used [0x00000000e6900000,0x00000000e757fde0,0x00000000e7580000)
  to   space 16384K, 0% used [0x00000000e8500000,0x00000000e8500000,0x00000000e9500000)
 ParOldGen       total 73728K, used 33149K [0x00000000a0000000, 0x00000000a4800000, 0x00000000e0000000)
  object space 73728K, 44% used [0x00000000a0000000,0x00000000a205f7f8,0x00000000a4800000)
 Metaspace       used 66575K, capacity 68154K, committed 68392K, reserved 1107968K
  class space    used 8562K, capacity 8938K, committed 9000K, reserved 1048576K
}

