# JRE version: OpenJDK Runtime Environment (8.0_242-b01) (build 1.8.0_242-release-1644-b01)
# Java VM: OpenJDK 64-Bit Server VM (25.242-b01 mixed mode windows-amd64 compressed oops)
Heap:
 PSYoungGen      total 72192K, used 42325K [0x00000000e0000000, 0x00000000e8f00000, 0x0000000100000000)
  eden space 64512K, 65% used [0x00000000e0000000,0x00000000e2955630,0x00000000e3f00000)
  from space 7680K, 0% used [0x00000000e3f00000,0x00000000e3f00000,0x00000000e4680000)
  to   space 8704K, 0% used [0x00000000e8680000,0x00000000e8680000,0x00000000e8f00000)
 ParOldGen       total 34816K, used 9903K [0x00000000a0000000, 0x00000000a2200000, 0x00000000e0000000)
  object space 34816K, 28% used [0x00000000a0000000,0x00000000a09abc18,0x00000000a2200000)
 Metaspace       used 25442K, capacity 26006K, committed 26288K, reserved 1071104K
  class space    used 3512K, capacity 3714K, committed 3760K, reserved 1048576K
GC Heap History (10 events):
Event: 3.401 GC heap before
{Heap before GC invocations=4 (full 0):
 PSYoungGen      total 18944K, used 18920K [0x00000000e0000000, 0x00000000e2500000, 0x0000000100000000)
  eden space 16384K, 100% used [0x00000000e0000000,0x00000000e1000000,0x00000000e1000000)
  from space 2560K, 99% used [0x00000000e1000000,0x00000000e127a040,0x00000000e1280000)
  to   space 2560K, 0% used [0x00000000e2280000,0x00000000e2280000,0x00000000e2500000)
 ParOldGen       total 44032K, used 1504K [0x00000000a0000000, 0x00000000a2b00000, 0x00000000e0000000)
  object space 44032K, 3% used [0x00000000a0000000,0x00000000a0178258,0x00000000a2b00000)
 Metaspace       used 9503K, capacity 9818K, committed 10112K, reserved 1058816K
  class space    used 1264K, capacity 1361K, committed 1408K, reserved 1048576K
Event: 3.408 GC heap after
Heap after GC invocations=4 (full 0):
 PSYoungGen      total 35328K, used 2536K [0x00000000e0000000, 0x00000000e2500000, 0x0000000100000000)
  eden space 32768K, 0% used [0x00000000e0000000,0x00000000e0000000,0x00000000e2000000)
  from space 2560K, 99% used [0x00000000e2280000,0x00000000e24fa040,0x00000000e2500000)
  to   space 2560K, 0% used [0x00000000e2000000,0x00000000e2000000,0x00000000e2280000)
 ParOldGen       total 44032K, used 3489K [0x00000000a0000000, 0x00000000a2b00000, 0x00000000e0000000)
  object space 44032K, 7% used [0x00000000a0000000,0x00000000a0368470,0x00000000a2b00000)
 Metaspace       used 9503K, capacity 9818K, committed 10112K, reserved 1058816K
  class space    used 1264K, capacity 1361K, committed 1408K, reserved 1048576K
}
Event: 16.347 GC heap before
{Heap before GC invocations=5 (full 0):
 PSYoungGen      total 35328K, used 35304K [0x00000000e0000000, 0x00000000e2500000, 0x0000000100000000)
  eden space 32768K, 100% used [0x00000000e0000000,0x00000000e2000000,0x00000000e2000000)
  from space 2560K, 99% used [0x00000000e2280000,0x00000000e24fa040,0x00000000e2500000)
  to   space 2560K, 0% used [0x00000000e2000000,0x00000000e2000000,0x00000000e2280000)
 ParOldGen       total 44032K, used 3489K [0x00000000a0000000, 0x00000000a2b00000, 0x00000000e0000000)
  object space 44032K, 7% used [0x00000000a0000000,0x00000000a0368470,0x00000000a2b00000)
 Metaspace       used 13772K, capacity 14170K, committed 14464K, reserved 1060864K
  class space    used 1916K, capacity 2067K, committed 2176K, reserved 1048576K
Event: 16.369 GC heap after
Heap after GC invocations=5 (full 0):
 PSYoungGen      total 35328K, used 2552K [0x00000000e0000000, 0x00000000e4d00000, 0x0000000100000000)
  eden space 32768K, 0% used [0x00000000e0000000,0x00000000e0000000,0x00000000e2000000)
  from space 2560K, 99% used [0x00000000e2000000,0x00000000e227e030,0x00000000e2280000)
  to   space 6656K, 0% used [0x00000000e4680000,0x00000000e4680000,0x00000000e4d00000)
 ParOldGen       total 44032K, used 7480K [0x00000000a0000000, 0x00000000a2b00000, 0x00000000e0000000)
  object space 44032K, 16% used [0x00000000a0000000,0x00000000a074e020,0x00000000a2b00000)
 Metaspace       used 13772K, capacity 14170K, committed 14464K, reserved 1060864K
  class space    used 1916K, capacity 2067K, committed 2176K, reserved 1048576K
}
Event: 20.623 GC heap before
{Heap before GC invocations=6 (full 0):
 PSYoungGen      total 35328K, used 35320K [0x00000000e0000000, 0x00000000e4d00000, 0x0000000100000000)
  eden space 32768K, 100% used [0x00000000e0000000,0x00000000e2000000,0x00000000e2000000)
  from space 2560K, 99% used [0x00000000e2000000,0x00000000e227e030,0x00000000e2280000)
  to   space 6656K, 0% used [0x00000000e4680000,0x00000000e4680000,0x00000000e4d00000)
 ParOldGen       total 44032K, used 7480K [0x00000000a0000000, 0x00000000a2b00000, 0x00000000e0000000)
  object space 44032K, 16% used [0x00000000a0000000,0x00000000a074e020,0x00000000a2b00000)
 Metaspace       used 16699K, capacity 17064K, committed 17152K, reserved 1064960K
  class space    used 2386K, capacity 2524K, committed 2560K, reserved 1048576K
Event: 20.744 GC heap after
Heap after GC invocations=6 (full 0):
 PSYoungGen      total 71168K, used 6365K [0x00000000e0000000, 0x00000000e4f00000, 0x0000000100000000)
  eden space 64512K, 0% used [0x00000000e0000000,0x00000000e0000000,0x00000000e3f00000)
  from space 6656K, 95% used [0x00000000e4680000,0x00000000e4cb7508,0x00000000e4d00000)
  to   space 7680K, 0% used [0x00000000e3f00000,0x00000000e3f00000,0x00000000e4680000)
 ParOldGen       total 44032K, used 7488K [0x00000000a0000000, 0x00000000a2b00000, 0x00000000e0000000)
  object space 44032K, 17% used [0x00000000a0000000,0x00000000a0750020,0x00000000a2b00000)
 Metaspace       used 16699K, capacity 17064K, committed 17152K, reserved 1064960K
  class space    used 2386K, capacity 2524K, committed 2560K, reserved 1048576K
}
Event: 24.595 GC heap before
{Heap before GC invocations=7 (full 0):
 PSYoungGen      total 71168K, used 41754K [0x00000000e0000000, 0x00000000e4f00000, 0x0000000100000000)
  eden space 64512K, 54% used [0x00000000e0000000,0x00000000e228f510,0x00000000e3f00000)
  from space 6656K, 95% used [0x00000000e4680000,0x00000000e4cb7508,0x00000000e4d00000)
  to   space 7680K, 0% used [0x00000000e3f00000,0x00000000e3f00000,0x00000000e4680000)
 ParOldGen       total 44032K, used 7488K [0x00000000a0000000, 0x00000000a2b00000, 0x00000000e0000000)
  object space 44032K, 17% used [0x00000000a0000000,0x00000000a0750020,0x00000000a2b00000)
 Metaspace       used 20714K, capacity 21272K, committed 21296K, reserved 1067008K
  class space    used 2909K, capacity 3097K, committed 3120K, reserved 1048576K
Event: 24.620 GC heap after
Heap after GC invocations=7 (full 0):
 PSYoungGen      total 72192K, used 7212K [0x00000000e0000000, 0x00000000e8f00000, 0x0000000100000000)
  eden space 64512K, 0% used [0x00000000e0000000,0x00000000e0000000,0x00000000e3f00000)
  from space 7680K, 93% used [0x00000000e3f00000,0x00000000e460b3d8,0x00000000e4680000)
  to   space 8704K, 0% used [0x00000000e8680000,0x00000000e8680000,0x00000000e8f00000)
 ParOldGen       total 44032K, used 8395K [0x00000000a0000000, 0x00000000a2b00000, 0x00000000e0000000)
  object space 44032K, 19% used [0x00000000a0000000,0x00000000a0832f60,0x00000000a2b00000)
 Metaspace       used 20714K, capacity 21272K, committed 21296K, reserved 1067008K
  class space    used 2909K, capacity 3097K, committed 3120K, reserved 1048576K
}
Event: 24.620 GC heap before
{Heap before GC invocations=8 (full 1):
 PSYoungGen      total 72192K, used 7212K [0x00000000e0000000, 0x00000000e8f00000, 0x0000000100000000)
  eden space 64512K, 0% used [0x00000000e0000000,0x00000000e0000000,0x00000000e3f00000)
  from space 7680K, 93% used [0x00000000e3f00000,0x00000000e460b3d8,0x00000000e4680000)
  to   space 8704K, 0% used [0x00000000e8680000,0x00000000e8680000,0x00000000e8f00000)
 ParOldGen       total 44032K, used 8395K [0x00000000a0000000, 0x00000000a2b00000, 0x00000000e0000000)
  object space 44032K, 19% used [0x00000000a0000000,0x00000000a0832f60,0x00000000a2b00000)
 Metaspace       used 20714K, capacity 21272K, committed 21296K, reserved 1067008K
  class space    used 2909K, capacity 3097K, committed 3120K, reserved 1048576K
Event: 24.737 GC heap after
Heap after GC invocations=8 (full 1):
 PSYoungGen      total 72192K, used 0K [0x00000000e0000000, 0x00000000e8f00000, 0x0000000100000000)
  eden space 64512K, 0% used [0x00000000e0000000,0x00000000e0000000,0x00000000e3f00000)
  from space 7680K, 0% used [0x00000000e3f00000,0x00000000e3f00000,0x00000000e4680000)
  to   space 8704K, 0% used [0x00000000e8680000,0x00000000e8680000,0x00000000e8f00000)
 ParOldGen       total 34816K, used 9903K [0x00000000a0000000, 0x00000000a2200000, 0x00000000e0000000)
  object space 34816K, 28% used [0x00000000a0000000,0x00000000a09abc18,0x00000000a2200000)
 Metaspace       used 20714K, capacity 21272K, committed 21296K, reserved 1067008K
  class space    used 2909K, capacity 3097K, committed 3120K, reserved 1048576K
}

